-1.9656224962406195
-0.2068515083569002
-0.17005942633666682
-0.10492622586102619
-0.2207314874655469
-0.26444995860933257
-0.17176001515149916
-0.22488744560658408
-0.27002041853388
-0.10060575412314944
-0.15267484024552092
-0.2704671059907329
-0.09104377671292066
-0.15723035513308037
-0.2778436157838629
-0.11619299335730067
-0.16090060580043275
-0.280836845239752
-0.12424721543956145
-0.16444876026547695
-0.16820276527316566
-0.11864173991147886
-0.14698069854195683
-0.14853069186650303
-0.12490544046473305
-0.15707887303272738
-0.12890413747740895
-0.13875372549510617
-0.1372476459986326
-0.08841368009103828
-0.10452172007140254
-0.2506680180738339
-0.24914989219536868
-0.12361448334073329
-0.2227683740542615
-0.24085510629846715
-0.14299471080710793
-0.22896447306675863
-0.2660517761258372
-0.15813181300997506
-0.23558024212055653
-0.2843014224858874
-0.2675848674626613
-0.2015423454807889
-0.2712085179151288
-0.24296751435989783
-0.18092756649386196
-0.3137641245661094
-0.2193755324193744
-0.09178525427337932
-0.3503041352801422
-0.22270745394872316
-0.2685179777595546
-0.3099422369472345
-0.1485153421342864
-0.2114781493353943
-0.2711334910268039
-0.33047398650159926
-0.14569231098009613
-0.2679974510614198
-0.2800937260043026
-0.1299839894901898
-0.1813996214180544
-0.18291894879166853
-0.10625341854620303
-0.13388334928960208
-0.15067443027037997
-0.42154985016767943
-0.3825384982832227
-0.37187962490594106
-0.29965137294511335
-0.42191948716943495
-0.4652776476869756
-0.3054144464662888
-0.49299030959378304
-0.3334472411508538
-0.35903229685098687
-0.4806571605241223
-0.33621671537279474
-0.3754725264057185
-0.4904231776630136
-0.39188728111453186
-0.3875184387751599
-0.4678032343134383
-0.3312554934954555
-0.43435277122366095
-0.4286550239937173
-0.32257428227694845
-0.3973996002912069
-0.415405164406119
-0.3854754200202595
-0.3544018906596448
-0.4603837527375276
-0.43164660187552556
-0.33508866509061863
-0.5722830315523646
-0.5014591068171841
-0.42692398157329786
-0.5036926793765155
-0.5830518458185775
-0.35370609521455976
-0.4654969127563031
-0.5638343544337429
-0.32027489279238214
-0.4777652695600007
-0.46920158537061535
-0.3045213607702511
-0.4398308618155696
-0.455686842668226
-0.2694820730983169
-0.2911832317438183
-0.40600440758709555
-0.24077347725408557
-0.28506225043839617
-0.39216359013900765
-0.22291992662436422
-0.35340289003073583
-0.3618359686166563
-0.2546600415209576
-0.3149471764658654
-0.3731240175978272
-0.1815898266518571
-0.29937438121531357
-0.28705307246056877
-0.12245927430417292
-0.27029678011698044
-0.23378409188887334
-0.08358268823202566
-0.1968591575390857
-0.21447804827783662
-0.4328692108545866
-0.3832169207991844
-0.37833277954175804
-0.43564828627283103
-0.4517839122186926
-0.46303482323482104
-0.4389138854313603
-0.47546680120180973
-0.356398810214855
-0.36054099566605
-0.43277094506499647
-0.3641222556628927
-0.3788169732941065
-0.4802229442489465
-0.3909291608454885
-0.35008031156916336
-0.3291128019163453
-0.29348078893207574
-0.2915800983185927
-0.3301490045311867
-0.32439300539009586
-0.27039369650590256
-0.2579837403060995
-0.34191276691959166
-0.25182139296080314
-0.27099191526434635
-0.306626604141891
-0.2955324415306135
-0.2687448101489516
-0.2666990387911773
-0.4005492935851359
-0.3769451321593192
-0.30344316612398603
-0.3470971701702623
-0.35919581610564016
-0.3593087254086609
-0.3790911452839033
-0.4296879545496175
-0.3171406603776717
-0.3658339024808514
-0.446400198968837
-0.344309275906037
-0.3336441449656805
-0.44406447435514274
-0.3365405291549045
-0.2949577865685041
-0.44990295515297746
-0.35767228189132216
-0.2874794754921234
-0.42571527389463254
-0.35578445041105844
-0.3124206144327211
-0.41334306210843186
-0.35512122196295404
-0.16477094232440742
-0.3834109862807738
-0.3517879791216933
-0.15606339644860684
-0.3805143362910906
-0.355401699932047
-0.3196508725375445
-0.3172636135174723
-0.3522743812490369
-0.43071352062795026
-0.40550811738674136
-0.5200312752391727
-0.42470690545167666
-0.3742733566347738
-0.48531051840780737
-0.4146313755368688
-0.3612968084550782
-0.4396485039624826
-0.4001019105018576
-0.3504112081106589
-0.40648508396626404
-0.3767111191645658
-0.3381058410642202
-0.38123625281175233
-0.3758037992507886
-0.3279633947811794
-0.34005540538676604
-0.4015720440064407
-0.32194399412137387
-0.3313455629939969
-0.4029531065788529
-0.30577191358165084
-0.30667371680153444
-0.39510584093418694
-0.2766745470629306
-0.3107876247172147
-0.3774158421910366
-0.25969036347665936
-0.28905778292759604
-0.3853293966432177
-0.4241597081430723
-0.23704443451256868
-0.4445128151663541
-0.38547724913419606
-0.24353699590594236
-0.4909878143801168
-0.3755360141227169
-0.23951612359973679
-0.46892610025515946
-0.3600090638092441
-0.3242609375498376
-0.4491351799837574
-0.3476534106850671
-0.2932913369198151
-0.4285204009968307
-0.34438925660792946
-0.26519112849743165
-0.3586533320524474
-0.40105712744882527
-0.2853061508292656
-0.3263704125184049
-0.3697555830344127
-0.2501970499076938
-0.381180689505165
-0.42438516124011133
-0.40685381683867444
-0.41974453194298317
-0.43847158602974906
-0.4053737359344388
-0.45720969611257894
-0.4520475810654067
-0.38793129135568766
-0.49052993238319514
-0.44835149548598835
-0.375669533548312
-0.5099758906173008
-0.4609007713899042
-0.3546926324675109
-0.45390345636857016
-0.47131225218607925
-0.38142729745905013
-0.44720579831659113
-0.49803491527485366
-0.4034040331117415
-0.47637245790006727
-0.5278373633223776
-0.38068689023172914
-0.4625857861269892
-0.5270919464648733
-0.40592507267302924
-0.4838812310921426
-0.507414662841105
-0.4055694542386481
-0.46827839693938317
-0.5282370807044866
-0.4475728959415504
-0.45027524167972893
-0.5267237796292734
-0.4957107422560061
-0.44049682484869285
-0.5410621870401904
-0.4847659089126615
-0.434699867412675
-0.54744289480301
-0.5085109308415049
-0.43241965727394527
-0.5346308394712228
-0.5507511793935327
-0.38714002035380957
-0.5382960596101529
-0.5279409312618892
-0.3900400243749387
-0.5681109160635391
-0.5240306660435073
-0.4048057487919866
-0.5680233419935342
-0.5588228874727215
-0.37689989717020056
-0.4165964076504595
-0.5492830459545235
-0.3708569556011312
-0.45725175023755743
-0.5650878120231372
-0.3842878354279614
-0.4672897699565957
-0.5280915810929022
-0.3891915526643328
-0.48132138504392613
-0.5466732884892759
-0.4887532210723887
-0.48433723883992524
-0.4944622287136019
-0.48879327315642107
-0.48433723883992524
-0.48975866919489336
-0.4998556934378251
-0.48109157110962136
-0.4818002390756088
-0.5036811361502036
-0.48653994467576483
-0.48924369757903025
-0.5208070643071241
-0.5198049855123263
-0.5153909507068954
-0.541254617931872
-0.5124351618517922
-0.49778383831160544
-0.4066747106424619
-0.5124351618517922
-0.5204822196087289
-0.4112969637021637
-0.513581472124047
-0.5059750869925321
-0.41778259498237363
-0.518671364146548
-0.5510245270702208
-0.4106418351248458
-0.5112392290485662
-0.5305316866283876
-0.4001697177539292
-0.5258599602057341
-0.5600910876232968
-0.39771647832273904
-0.5182138115513094
-0.5365161092123701
-0.40264336257064315
-0.5150688675721916
-0.5128402729135696
-0.41376144237620965
-0.501452338865258
-0.4912900239075503
-0.3971428260883451
-0.46290655114222423
-0.4720914453143737
-0.40111950914240996
-0.518081713518877
-0.4494374448931532
-0.4006429936829293
-0.5070931142752151
-0.4488681681632456
-0.37237844343873916
-0.5009077794335403
-0.4366170421245706
-0.34698208593339863
-0.48721999155437046
-0.4628474782970284
-0.3519203727961344
-0.46473009572001117
-0.4762821366236005
-0.37907989037095186
-0.45408591792382186
-0.47813934406653774
-0.1960682063372124
-0.4411721715861951
-0.4546166417233173
-0.23641054291859953
-0.43624008340945236
-0.43557127010847335
-0.4537398811990984
-0.43624008340945236
-0.4251873466545185
-0.43472883428357734
-0.332245460387449
-0.33805072148774673
-0.4089931420427567
-0.3765554316711935
-0.36701626485421035
-0.41760760004014713
-0.3578468174524093
-0.394168605368128
-0.43031583914335714
-0.40258732166559585
-0.42786446499757497
-0.4157252711747393
-0.4071437584025316
-0.46140955911910236
-0.4114476650121927
-0.4193449859868963
-0.5119916635229005
-0.4449085573038815
-0.43196789498759514
-0.3786446595878939
-0.3172614296723922
-0.46446546609509587
-0.40015734801635505
-0.3576148237833098
-0.5059311616462826
-0.3784436154106183
-0.39193216077645415
-0.44802324986900344
-0.39571202287962864
-0.39062629512857133
-0.4384002320597644
-0.4180420077959072
-0.4064089694910145
-0.47255045490554404
-0.40178457386905786
-0.42097586041975427
-0.48424812971284653
-0.43404798095977937
-0.4151033040922938
-0.5104640449193755
-0.4463366760794907
-0.4116552792640036
-0.5154364058224505
-0.47533844580141055
-0.40247638439390354
-0.5042490669532411
-0.3611345997346982
-0.40344132438125
-0.3865460246848688
-0.399548214494623
-0.4204685112726689
-0.40451701978907356
-0.4201210698634594
-0.372135310678401
-0.4113799390302619
-0.44422872565772026
-0.46088942588065795
-0.4149439101073991
-0.370233698643794
-0.4247036207955169
-0.3643753384481296
-0.41196352431333183
-0.4424528076958029
-0.3751882813737664
-0.42527244294848704
-0.44936201993632496
-0.34720660831116174
-0.4190729333398459
-0.43773449169706663
-0.35084002096876415
-0.4257157269494617
-0.43790506461687934
-0.37359652465978693
-0.4482097811885078
-0.4107727154762503
-0.3719130058191252
-0.4402429938288262
-0.3747594926177082
-0.38281050142737044
-0.46520984326323483
-0.4290046857907424
-0.3649512817285016
-0.47092477426797175
-0.4412316220327528
-0.4271076791853586
-0.5222027092466165
-0.44018076257382033
-0.5467794920577608
-0.5827425837899182
-0.5220433926892856
-0.5365524174175808
-0.5604213053436558
-0.5318331373925217
-0.6325114566554478
-0.5331205059282526
-0.5270799204483035
-0.6238091627272887
-0.5954606207283408
-0.47345000169972934
-0.6261947124722024
-0.6277801627962551
-0.46325973412285826
-0.6233721766325478
-0.6319460036833814
-0.46177809668869313
-0.646267448623263
-0.6456377732948839
-0.4402846741567386
-0.628483692210046
-0.6098014441973165
-0.48305284047411867
-0.6282286513656298
-0.6000654161280592
-0.44459741218914006
-0.6166814585864634
-0.6057450764288045
-0.4412100943506859
-0.6100786857910284
-0.5749323917795792
-0.4230068622176008
-0.6039687733787146
-0.5918130632187029
-0.4175524489015467
-0.5858152981364196
-0.5688145937607163
-0.4161907941393688
-0.57828992862157
-0.5357917094367203
-0.3928614029626042
-0.5956795005855483
-0.525987701126307
-0.38954961276612393
-0.6021877766381477
-0.5265333054977575
-0.3747358481845598
-0.6177374496552047
-0.5370382705190372
-0.3602739348967034
-0.5956965857460851
-0.5058986647278716
-0.34995999173641784
-0.5689980805864808
-0.50253169120267
-0.32051926322824464
-0.6109912212812478
-0.5208870230260962
-0.5225073421789254
-0.6088415347746496
-0.4766963576158097
-0.48846155681555997
-0.6085587939836858
-0.47951354486189196
-0.5028941701522616
-0.584924100522342
-0.4912102572526965
-0.4859335122881523
-0.5429825370197825
-0.4744293405775489
-0.49362013883770733
-0.5371513734620997
-0.46688130039335557
-0.46310684717989126
-0.5171779213368571
-0.4608948202773099
-0.43419515727406827
-0.4988601858944559
-0.450120840682332
-0.4140152590664825
-0.49171040850655007
-0.43536680140399564
-0.36519228875142645
-0.49298875618260823
-0.41079975346549297
-0.3677269038452487
-0.477340491068944
-0.42778288802960673
-0.33262331280261653
-0.4542401860448622
-0.37310410394315224
-0.34021304581415657
-0.39409796973018557
-0.380105474898767
-0.3233028707416569
-0.37694847212659505
-0.3592759783244926
-0.31239476600745264
-0.3533391437450231
-0.35821864407628984
-0.2967673413129231
-0.34463582428271305
-0.3971552612084023
-0.22873400895486448
-0.25669318530600843
-0.3073142937029226
-0.23437619239270788
-0.2749818635751067
-0.3488685780426625
-0.33478905458754066
-0.309912117257579
-0.4135304388416743
-0.36707197412158316
-0.38656638008290617
-0.4475668855311184
-0.22386201227104993
-0.23544869105007452
-0.4151050493781471
-0.2678314378945584
-0.29165183736798145
-0.3011142048193102
-0.07081192529561652
-0.10332302387657973
-0.11091091803727261
-0.29356713013537894
-0.2473418660842366
-0.27214866145284644
-0.0884260404496207
-0.07836227310668134
0.017186992438430436
-0.28495267213798836
-0.26605048030302064
-0.24499632093892862
-0.2516286978444976
-0.24604443031005271
-0.13042083377571068
-0.31226169713482316
-0.33193680187720764
-0.27998877802254213
-0.3842765138369914
-0.31446814619638613
-0.2249951032779323
-0.40579293086521306
-0.2792614734727177
-0.24200966509865476
-0.4162730052057988
-0.2842324135705356
-0.2673221907977727
-0.39016550617068346
-0.27055815401040745
-0.2809462822307673
-0.134089008661554
-0.11897646989198013
-0.07291296540548214
-0.3792574014364792
-0.2469488256288356
-0.2798889479825647
-0.32722570662238837
-0.2706479596473523
-0.20501234256401932
-0.36234722636397926
-0.22979932802524508
-0.25905945140829
-0.3663339988522473
-0.214040458722945
-0.25597457730602036
-0.3699369593755193
-0.16965711171056838
-0.2660608223639048
-0.19380828169069678
-0.2999794243939976
-0.3265810585150813
-0.2649219856431564
-0.36657998809847475
-0.4370423710123255
-0.08034714646999253
-0.055725747118361875
-0.08016957017642691
-0.3348333683328872
-0.14655680668648666
-0.2113820382774503
-0.21464844865857877
-0.3030875100113437
-0.30102353722196995
-0.25342509219437775
-0.363315834021337
-0.4107575797545226
-0.20562985223012828
-0.32577726330514056
-0.32333651637125366
-0.23363417192297584
-0.35878269355094355
-0.38261226976252877
-0.211320201089979
-0.3580711593190543
-0.46611469592742893
-0.21157245779801845
-0.3398665326824842
-0.45469551833319305
-0.2506816276454674
-0.38097884940858073
-0.5073372290507404
-0.25804745701178117
-0.3367193558061045
-0.4211311536441038
-0.2713753746154515
-0.38883097498764346
-0.4617412699488359
-0.31723087553491824
-0.3023976535623824
-0.4270549397404011
-0.2917570397921096
-0.2777692158220554
-0.38372147033678294
-0.3251444299870993
-0.3654385484633638
-0.36742555951967437
-0.2039754179861296
-0.10982339802544079
-0.3135505032563089
-0.08515877803429246
-0.06802107329363367
-0.052356127472074215
-0.27224443303477824
-0.2213099760898343
-0.21130046130948152
-0.2868350010033964
-0.21675353935289857
-0.177755367187954
-0.1542520834234561
-0.04939276501664425
0.0838503502279257
-0.29111260716594284
-0.20455231176853383
-0.12717326278415558
-0.18974392993028463
-0.09127638992119777
-0.3390427498393336
-0.2576517148742538
-0.19192940276783488
-0.2605202667191622
-0.10234073250051141
-0.036968360649982206
-0.14138502809674988
-0.385298842505744
-0.15943183166033428
-0.23900757829070104
-0.14179135185030203
-0.005044605681070797
-0.06995679196088714
-0.34494544839482644
-0.11796613610914747
-0.26072131089643774
-0.2474270702563368
-0.07994410211992582
-0.3154413072533438
-0.046133714976411694
-0.07966421678679557
-0.15635996394583562
-0.310628111401682
-0.17587404788642674
-0.24345290342742762
-0.3119339770495649
-0.18549706569566576
-0.22112291851114904
-0.11734016104908022
-0.04537714226984984
-0.04447017485893404
-0.2961513026871217
-0.14954378232148058
-0.2373803524379984
-0.2196232086223161
-0.05574544318747647
-0.26074873806680154
-0.2817268563492126
-0.13513238594970312
-0.19768152970737943
-0.03262243499888769
-0.028841745782219787
-0.09372818621497393
-0.2875994126766732
-0.10891647074317413
-0.17151051029549658
-0.2194999777713296
-0.224991305121188
-0.13070602746119026
-0.07562690000107716
-0.032151986708979084
-0.01752833434935075
-0.2736978546970048
-0.3086493587053706
-0.26845314507070067
-0.2794186331939392
-0.10394410984009879
-0.16731702329649978
-0.21022905632396618
-0.21269834831213083
-0.19718652610709833
-0.23623269052740897
-0.295073363669713
-0.2694548832182728
-0.19479113929175954
-0.01473937851670781
-0.20745420451994034
-0.19051392276671927
-0.2107524749931106
-0.24648083093802228
-0.2029124542567927
-0.29312749035069274
-0.2712212010899518
-0.25827485040388626
-0.08726105977746948
-0.26473775256678145
-0.1965266316883675
-0.1876882071963394
-0.26218331337735873
-0.183389806027094
-0.27680713279166513
-0.28541270143085956
-0.13086377003172686
-0.15515954675188967
-0.2110236130120812
-0.23389848429633042
-0.2536026683004354
-0.2624790098310101
-0.1956162474346
-0.11292153042807669
-0.19076451893555044
-0.22881494956717163
-0.22688000521166077
-0.23523161468917714
-0.17881114163804115
-0.10416664005163079
-0.19291017757906423
-0.20379173319286184
-0.07179212313111977
-0.14978868894714903
-0.2036770023438678
-0.2309016548460149
-0.2556222248289885
-0.21008769888580012
-0.22474305313203294
-0.23277862296731097
-0.0030632853321621543
-0.044974203693342554
-0.08490075351574541
-0.18879225392064666
-0.22474305313203294
-0.22963064921615037
-0.006295965692938405
-0.15295093000091312
-0.08298993402016194
0.05071121444558478
-0.03460886633536063
-0.10462271126981094
-0.19321981122131207
-0.1945487689318924
-0.20682549959893445
0.005741319031041393
-0.012108168146261169
-0.05147420970895508
-0.2062088200615059
-0.17384682970977325
-0.15468808683080407
-0.024865860705826772
-0.12673501479438412
-0.0627120472499243
0.04398442346401682
0.002514156687024271
0.007032500363014973
-0.19772142190736305
-0.1578942053383731
-0.13898097064897666
-0.029903394667390216
0.015919545978826537
-0.03246971351700304
-0.19267170194964958
-0.12971256087692185
-0.12252630646445534
-0.020709669097728405
-0.016832606829197953
0.006623973859466477
-0.19069434512691305
-0.1323168101213811
-0.11143519775708499
-0.0331987021325717
-0.11395847478358406
-0.044467095753626625
-0.02258128567062181
-0.05651665592806503
-0.010761082917640982
-0.199715401374826
-0.1076815865651309
-0.13104006488794132
-0.10303471426460376
-0.09844312154854579
-0.051455396818928904
-0.04302157276873623
-0.05572085079649164
-0.05025252174711185
-0.20100516652918685
-0.09217340256560805
-0.12808542079856747
0.013136825661273405
-0.08911892559532583
-0.023229388053500784
-0.012398531490073455
-0.08237501535758221
-0.02474037015192953
-0.0260036342034428
-0.08237501535758221
-0.07226835711117452
-0.05419787692567517
-0.08365805358418257
-0.13774711760951036
-0.31737669783539935
-0.1849628576246119
-0.20740915625303322
-0.058960982767300246
-0.05776118530542148
-0.10282866260162439
-0.2960288336585622
-0.12503711186097485
-0.18904408562472516
-0.2987583165265219
-0.13218688924888056
-0.20379812490306137
-0.3373679834267094
-0.13090854157282247
-0.22836517284156385
-0.07720505222346957
-0.08589237156715493
-0.14956794424683142
-0.15983664258150296
-0.166374208578061
-0.17354927089144886
-0.23593083668730946
-0.08674592429333114
-0.17228362591370125
-0.26564173296956417
-0.10671937641857374
-0.1782701060297473
-0.06619350869786379
-0.08589237156715493
-0.10168170777340738
-0.08596335273555761
-0.040742855815390146
-0.10859645910089064
-0.21897017882320013
-0.07071722282537238
-0.13353300605166651
-0.23593083668730946
-0.08091476073564831
-0.1503139227268142
-0.18254421507677843
-0.1537817444485821
-0.15183394947355264
-0.08414801922001922
-0.060049457863777585
-0.09170607006893383
-0.207927341957589
-0.03609039901918016
-0.1336769525476384
-0.2338058372785829
-0.05523336829446721
-0.14522971844247112
-0.07359904680504518
-0.08914259197644633
-0.07261887103456705
-0.14312481086156809
-0.18757239540920076
-0.1500669024859945
-0.15018443621280675
-0.0702821127789897
-0.11377591570625119
-0.17962516472097997
-0.03329681745929704
-0.09297238199712075
-0.054299501700294434
-0.051817324972284654
-0.07756328510663721
-0.13057354723057188
-0.03701272824823805
-0.10565435028011567
-0.054323803528946044
-0.0693528560629384
-0.053529380216852065
-0.10196462783412069
-0.11829691214226892
-0.11047958583729163
-0.09210028643081503
0.002264016579375668
-0.07983256827916235
-0.10875387863160246
-0.01689676393447216
-0.0745147444889503
-0.04432129100493881
-0.031687510393628486
-0.0672774604395297
-0.09210028643081503
0.0026262698468860358
-0.0803781726506128
-0.054323803528946044
-0.06335480295249653
-0.054268779316474204
-0.06344704211180434
0.011872885114176212
-0.08039292644916352
-0.2740522209628861
-0.17047413496832936
-0.1252800099301364
-0.14365878458718812
-0.11724951662010591
-0.0842766444857624
-0.17931879520794636
-0.15325167021330732
-0.07637983033707543
-0.04531218956450821
-0.03860975551760407
-0.07513561705938028
-0.09690823237778654
-0.03522007312892105
-0.07089044970088786
-0.07993380723201857
-0.0874613302361441
-0.0801557543833232
-0.049200065743438416
0.021952110699442487
-0.047370042125167405
-0.00912323858285827
-0.015838159579397573
-0.08280879535482358
-0.03479874270952728
-0.016107294207595803
-0.07827492283640099
-0.049200065743438416
0.028198379030402718
-0.02106789366754517
0.00767406517106874
0.007333551834163026
-0.032350506213545974
-0.032402761989511406
0.03887320848642367
-0.04731754825444962
-0.28082619158415145
-0.24469238718237768
-0.31822510359314493
-0.307454431243949
-0.3472227506925
-0.33714634948958505
-0.20768655041292336
-0.24317717375709613
-0.32558698574624145
-0.29547210915384553
-0.22665758950726303
-0.30036700248375403
-0.30098822817169524
-0.30195330363405665
-0.30781936331306
-0.2996071655992831
-0.31812538417377983
-0.33249120950552224
-0.2637455052866734
-0.2064045139289836
-0.31785498760247916
-0.24157577859347026
-0.22341222171348932
-0.23688738429513667
-0.3258491530135699
-0.2857914566912103
-0.2579286734953043
-0.3267564729273472
-0.2959339029742511
-0.2991095209202907
-0.22002111169729743
-0.16194747645371518
-0.27803890546474536
-0.23925732053093296
-0.17755614387827065
-0.30466824616670873
-0.28792889664126686
-0.2626004893003524
-0.19951642234457384
-0.30245836167627815
-0.27348608964477167
-0.2326798423407926
-0.2278773259266771
-0.16218603405078238
-0.2331244956267206
-0.20958435167781025
-0.13813736305626323
-0.2561044498460765
-0.27184675155018556
-0.21838918036868904
-0.11913365106788376
-0.2778533667264591
-0.2496239411206568
-0.15385440789924884
-0.25448622186289455
-0.0908310595681249
-0.13410651198481507
-0.24516839277492508
-0.1279723557368555
-0.20746179692593325
-0.24399444683090368
-0.1876572143459781
-0.17273250158568984
-0.2488203909790375
-0.1876572143459781
-0.22217898930147834
-0.14996748395175183
-0.0401719049202582
-0.04431519324593777
-0.23706785089126187
-0.06727592655555344
-0.09609275070724935
-0.19094981484833926
-0.15555472494459133
-0.1519545647384225
-0.2280574368878522
-0.17320488963604808
-0.15832957343943885
-0.07627404553027742
0.014804596724046605
-0.023739514365390273
-0.1237793227375697
0.023959058844597387
-0.04021706129063051
-0.21479585357253053
-0.12242065131404256
-0.15761426145098525
-0.21820433517694757
-0.14491054714840196
-0.1533947864939645
-0.1568057662987035
-0.13145796504232513
-0.16347491046967183
-0.21378234465491605
-0.10283245713381003
-0.17430639780039006
-0.1891629866764578
-0.1751390893616007
-0.2604491344877331
-0.1504095193730667
-0.13741151322179693
-0.21443148444250432
-0.17305710725438891
-0.08241397678214193
-0.16725186015124777
-0.18116584574526348
-0.09664712229213518
-0.15722445527364817
-0.19469743681334742
-0.24064010665520086
-0.23598542149508137
-0.17036737168296298
-0.13758913915879453
-0.13042162421304315
-0.20981871666813773
-0.22920753478476677
-0.21296602733358483
-0.1385218080422531
-0.1315369757060898
-0.133874747085595
-0.15374875539509855
-0.09904335143576079
-0.1311635899288245
-0.2281891627954553
-0.07109755063026085
-0.15123787665956803
-0.2149370207821475
-0.12853932911188873
-0.2195302518184136
-0.09442501243937801
-0.1688696059929994
-0.11317772520333402
-0.15146331249813336
-0.0723321463826449
-0.09855976054500859
-0.15556980261992145
-0.0754770903617627
-0.11911650498404996
-0.24820616371043058
-0.06286407829370091
-0.09672195364071973
-0.14562022377283115
-0.06468599772821995
-0.07542948753975232
-0.2452135864675644
-0.05843611586485097
-0.05272109348339295
-0.040982330896587475
-0.11538282002433314
-0.10763937149248468
-0.13514810640191452
-0.07417571352670596
-0.06987593763913791
-0.1292652717175857
-0.043176567881506304
-0.1221195429215837
0.009010414003409569
-0.10592896308049479
-0.06223682273218955
-0.1280073465443866
-0.06674357842872408
-0.05716012747080419
0.010491775031991089
-0.09682615477785331
-0.03862598960087467
-0.00365199820411215
-0.05968485860912273
-0.014717192375545163
-0.12405723384541464
-0.015984445783411762
-0.10222601936205061
-0.12859396225019698
-0.05337614113619903
-0.13136085852727014
-0.043969425623508286
-0.056203146317906766
0.11399084455883668
-0.06826901504864877
-0.11148657806439355
0.10225004194682755
-0.06790778494396933
-0.10065301284663722
0.07852248312017154
-0.063201041145345
-0.09592994576650096
0.07198840382591626
-0.062103647726896215
-0.07938694276222666
0.06306720835942228
-0.06348371111212672
-0.0725216812607617
-0.05728354804684116
-0.01249707346197091
-0.15717139120548324
-0.23845231276300433
-0.24391373784564666
-0.2049641020458421
-0.22052528643729288
-0.042126953691033975
-0.058776129876960605
-0.011216349939007908
-0.041157582365743406
-0.016930330451211312
-0.08543095800938728
-0.007957922468653792
-0.14137802783015663
-0.20313865613823426
-0.2134381892130671
-0.18699310694163745
-0.21184553934373526
-0.2193211471621358
-0.18013018770044914
-0.2109203546806981
-0.2291962549102364
-0.16924119096080875
-0.2847823003812537
-0.05158955532805716
-0.08836305936481753
-0.07595865738094978
-0.04361572790865847
-0.0635231632990207
-0.1488938739067802
-0.008290504195688402
-0.1877816299456157
-0.20118781895167476
-0.2477297174642901
-0.21613804023304917
-0.2364895592133896
-0.22998053056400386
-0.2022203620057133
-0.23251708957053646
-0.23034195813983033
-0.1965960994902497
-0.24478521053913546
-0.05335578304797345
-0.08019394978276242
-0.07531952886664683
-0.041696343496183695
-0.05132935053491507
-0.14797249074442714
-0.02440956830959764
-0.17110909466095864
-0.19506800672438523
-0.221100086293814
-0.19296268683264733
-0.22485797484399064
-0.22092951337400146
-0.17547186307778473
-0.22161357384241212
-0.2480618625146304
-0.1758714903103012
-0.23716980346968358
-0.03901868447532484
-0.06841391349426378
-0.05896133166790378
-0.027450712818764385
-0.029482118890023765
-0.11667113606709648
-0.24501382536438096
-0.16978515564964136
-0.21229240066666627
-0.24259125331030762
-0.16978515564964136
-0.19347325654582978
-0.019578875237806295
-0.032523306421733476
-0.07294036326540151
-0.019483014205701588
-0.15716319704595239
-0.1403422665690508
-0.23036431706829716
-0.16192559269529488
-0.12471525374236142
-0.2314151765272298
-0.15224157311990844
-0.09846333820272485
-0.05004809145659277
-0.052945713294241595
-0.03857007844491641
-0.03343873587060517
-0.0540728824301332
-0.06315055670071303
-0.0076982584598350706
-0.14551758715237362
-0.11420098724028571
-0.23022785917164465
-0.15224157311990844
-0.09846333820272485
-0.22043811446840844
-0.14379500064780804
-0.11420098724028571
-0.24522076609060556
-0.1420326296115165
-0.09674927911054233
-0.06466965552897083
-0.04066678193599828
-0.044539583325696915
-0.2498184692836423
-0.11668652368770122
-0.08427688310153962
-0.03872529144329423
-0.11428050420179507
-0.07688614727471567
-0.2600087368605136
-0.11950905952735565
-0.07688614727471567
-0.17719419347110174
-0.12135405782348863
-0.19970400474169017
-0.17839097523594674
-0.11385730264089575
-0.15655843218958654
-0.04590818387666889
-0.03506648081732372
-0.03714884749887297
-0.0309110054056315
-0.052462513953119655
-0.04328742486488636
-0.24984247530065137
-0.08862155774045845
-0.06016630283131384
-0.2415358021670588
-0.08119591586170685
-0.06016630283131384
-0.16757373032602807
-0.09527791329502229
-0.14629404497576529
-0.20357256883498287
-0.10137124215537759
-0.13451192487792596
-0.18017976771505193
-0.09929585982566684
-0.059893259757808445
-0.18514881375467152
-0.07601974175170298
-0.0397372997758427
-0.19562761829038994
-0.04612943504438312
-0.023017455332440873
-0.01775799937658451
-0.07100257315351861
-0.049942702510170134
-0.23561773150809215
-0.07819767851561402
-0.049942702510170134
-0.17228060684732371
-0.1700627764904262
-0.12641458133434794
-0.20411398955563145
-0.1526148769340285
-0.08759568530660937
-0.17940374279763038
-0.14163333629773237
-0.07688548409956347
-0.2175631125456167
-0.1403030367596176
-0.09562126459956977
-0.21183630128942357
-0.11971826669817497
-0.02552297493732333
-0.2117820302200004
-0.08795974718138333
-0.03359872240982931
-0.020599125156580418
-0.055655011029048136
-0.04240914551649633
-0.024966314985736635
-0.20524418755298085
-0.04630836345065543
-0.022205221286287803
-0.18959076612371226
-0.04140674316940349
-0.17510842576544539
-0.08415534336361506
-0.10257144569867244
-0.17947561559460157
-0.22397380778069761
-0.10754435656361312
-0.1767145218951528
-0.17707219686263947
-0.08695180789152804
-0.19361575615705467
-0.17630418424782568
-0.05243752919357338
-0.17744039275152154
-0.15355039816925786
-0.032403128693894084
-0.16075101357760602
-0.1637856149867529
-0.08403985374800618
-0.14945616205622037
-0.14975399989942245
-0.0666956687603965
-0.19353378664321758
-0.13386074122383348
-0.10610487553870461
-0.17850692110823174
-0.13386074122383348
-0.10549258079891577
-0.19842993699090086
-0.12349354831431976
-0.11460575663323373
-0.14720422793440674
-0.13006434295399807
-0.09887753593468529
-0.13217736239942085
-0.13006434295399807
-0.09333129019332433
-0.14639815106945012
-0.12349354831431976
-0.07530421487784471
-0.18394159714289218
-0.1161514178009405
-0.13210290425035404
-0.15322069015074882
-0.07740923178507117
-0.09626440055066
-0.11516586233654721
-0.11804517474817632
-0.06539398338297057
-0.09229211855696501
-0.08478013391161449
-0.03717920372979235
-0.2543303092123354
-0.0638057055731543
-0.06848771102873155
-0.25327104113098436
-0.05906928721932417
-0.03562811540009371
-0.0760641087787744
-0.0733259421063415
-0.03393029045799779
-0.16550013808375666
-0.0733259421063415
-0.00236744145499351
-0.2504402492730029
-0.04268302960816712
-0.048647484915303005
-0.23267458955687478
-0.02422570029314116
-0.0470323891250682
-0.23267458955687478
-0.012123565468797146
-0.04563770226922636
-0.1626693462257752
-0.05693968449518444
-0.001828980787254336
-0.15677033065137555
-0.03848235518015848
-0.03098027176603162
-0.15677033065137555
-0.03848235518015848
-0.03875730203953112
-0.22600817093138392
-0.006992550110114984
-0.023206138364473293
-0.15677033065137555
-0.03335133982147632
-0.0036443511440074853
0.06923784028000836
-0.029823539924517847
0.017621486972633278
0.06923784028000836
-0.029823539924517847
-0.035973418637025405
-0.15338048135726343
-0.03335133982147632
-0.00408905654967775
-0.1443471069875711
-0.03335133982147632
-0.0072081484094369186
0.06923784028000836
-0.02635878971136133
0.019561787220465806
0.0785348728607519
-0.02635878971136133
-0.016711312470681628
0.0785348728607519
-0.02353625387170691
-0.0366518567796395
-0.13505007440682756
-0.02340160745441171
-0.016711312470681628
-0.13505007440682756
-0.02340160745441171
-0.0366518567796395
0.0759042589054992
-0.02635878971136133
0.006880400229695237
0.08520129148624275
-0.02340160745441171
-0.022475621262655454
-0.12838365578133673
-0.02340160745441171
-0.022475621262655454
0.09323655963631784
-0.020157061188080156
-0.03307230287016253
0.09758850830178017
-0.020157061188080156
-0.025972261501730792
-0.12075143274994286
-0.020157061188080156
-0.03307230287016253
-0.11639948408448053
-0.020157061188080156
-0.028241486382095574
0.0759042589054992
-0.014256654887017321
0.01605211735903659
0.07320565971405413
-0.014256654887017321
-0.014351635750954442
-0.14078233267220658
-0.014256654887017321
-0.01870318655904271
-0.14060285424742544
-0.014256654887017321
-0.007734182001417051
-0.1324355642050537
-0.014256654887017321
-0.009488003189491254
0.08777090304722768
-0.014256654887017321
0.04681850412804868
-0.13253056695884466
-0.014256654887017321
-0.011668747122110124
-0.13253056695884466
-0.014256654887017321
-0.00907101750209606
0.08777090304722768
-0.014256654887017321
0.033260673945100266
0.17826620043356103
-0.009520236533187188
0.03455742057073372
-0.2784346289530706
-0.009520236533187188
-0.03609603882844894
-0.2784346289530706
-0.009520236533187188
-0.026218711144300143
0.060928571593783766
-0.0073709021265433
0.05908519682086763
0.06877573480634497
-0.0018937569472358008
0.06670892086738342
0.05203178592145072
0.0
0.03930154175538895
0.046329558708810836
0.0037963982698354217
0.012161290605591396
0.046329558708810836
0.0037963982698354217
0.007227339604019251
0.026298658786547125
0.0037963982698354217
-0.03429254006650247
0.03433392693662221
0.012518569261072799
-0.03160232455443277
0.06094787613456916
0.012518569261072799
-0.04554506472212452
0.06094787613456916
-0.001872346295430135
-0.061235993112957694
-0.04007682716058013
-0.06335480295249653
-0.06668633099187911
0.06094787613456916
-0.009197371957933385
-0.06016230018217606
-0.052605303682066125
-0.053866429299737575
-0.027651328976821626
-0.004270364481922327
-0.017391185815741013
-0.0823540820053114
0.016110299804074687
0.08252903212581328
0.010843192331173649
-0.021871562193485974
0.056518557846016754
-0.016504863605224507
-0.0663957230229682
-0.06335480295249653
-0.058366855257320986
-0.00252291973361838
-0.02033663290073033
0.07918084803674094
-0.01132036447478875
0.010569769165210895
-0.03589657263099713
0.020708198805235615
0.11898393840447301
0.06966722465104093
0.009060299811208272
0.11099170860829084
0.06663914981914186
-0.020739795854338793
0.08578231031632219
0.03080282072157435
-0.03659562735742114
-0.06860240108402593
-0.060804985322991896
0.027943060169957682
0.023134722335425795
0.09545122312575839
0.06974041436077337
0.1419444945833742
0.053044973531826654
0.020708198805235615
0.11898393840447301
0.07289211959073849
0.0455183891456683
-0.07571395612203688
-0.05353669141402705
-0.00551389033123869
0.021010380446434752
-0.07364587054327819
0.04971097968279446
0.06489669278205816
0.01971971723932436
0.04971097968279446
0.1524091595478249
0.008156566861481914
-0.08003232708425002
0.05736344317108781
0.06588853924108116
-0.08762790683432811
-0.08916086037728775
-0.10579896755334112
-0.030964333077085873
-0.03486402587477756
0.0077530366819214625
-0.030964333077085873
0.07512376742223824
0.042040995685586356
-0.03659562735742114
-0.06990544123024321
-0.05002413797826763
-0.030964333077085873
-0.08916086037728775
0.025233104506744906
-0.05864422137028358
-0.051196315412639144
0.06355182902996118
-0.08278695419604681
-0.0713016406784189
0.03833731762284448
0.05730382616265675
0.08492627553847454
0.13074565873233368
0.04565592716862941
0.05327110745389377
0.048568025093109056
0.005631294280335274
-0.01925541914704453
0.0752572424850125
0.0041925905371261556
0.13937903471950247
0.0732564086533514
-0.1214855170523382
-0.07611280162600445
-0.03482149834609347
-0.043725694187255165
-0.07611280162600445
0.038247870991453325
-0.04777899542587623
0.03431378024051451
-0.010831487330718318
0.03202856328002437
0.1084141692392621
0.10556379728203803
0.020380664285997024
0.09992021794155427
0.09319727433648511
-0.01440132303391113
0.04430567323799853
0.05720702916885585
0.05522487001403313
0.13139877910139014
0.08180243740476015
-0.11785620250974878
0.008627367892249303
-0.08718042607811485
-0.13038542345191728
-0.038136193797296825
-0.11631526524333441
-0.041005556495692
0.05201105594270422
-0.057459932705149354
-0.05661374467459272
0.020521571639901003
-0.07831595837223386
-0.08946108931404691
-0.019312178331489578
-0.08659477187036888
-0.08524154546748948
-0.038136193797296825
-0.1074507975374534
-0.025924286886335378
0.013674259560128011
-0.052925633188383454
-0.04489966599451518
0.008555246075226597
-0.0553924061798361
-0.05630642767086079
-0.019312178331489578
-0.082060472353603
-0.08371327369138518
-0.019312178331489578
-0.08452724534505562
-0.02771117739993341
0.04897957010589578
-0.003616308254047504
-0.04993251923208283
0.04058694874254121
-0.022247535663475884
-0.0666028231713406
-0.009495715961507261
-0.04582516165876958
-0.08158963662229418
-0.009495715961507261
-0.05607496691883902
-0.08559554913842665
0.08602980689304211
0.038206555585514244
-0.10239285289235367
0.07583188601489439
0.03555818504425016
-0.15752142317256873
0.007178087187918073
-0.02703349146614805
-0.16391255745758282
0.007178087187918073
-0.025795969057384176
-0.0680075014858078
0.10477171336913825
0.08183605150186768
-0.15498879468185212
0.010426649344766403
0.012874693607608692
-0.09243196297471515
-0.09032942529180138
-0.07071860557599424
-0.09510122468207031
-0.10576035734134812
-0.07422053446000665
-0.12264609762070416
0.028281387601718617
0.02222940686433758
-0.1461847594133338
0.01667291767572663
0.017662476211080316
-0.08130094662802165
-0.08319533822997102
-0.08629096931107816
-0.11151508127401066
0.0363870208737167
0.01295116053501777
-0.08549071580351175
-0.124253879938895
-0.07104233594350019
-0.08698129319604435
-0.0943450640243719
-0.06896135789425895
-0.11570485044950077
0.022080348419853242
0.019816069842773523
-0.07944626977727783
-0.10328387652157489
-0.019032748769229578
-0.07192587403414208
-0.07885171970512406
-0.06524004705166227
-0.07944626977727783
0.04305035183717339
0.023021450843560845
-0.07518870281581147
0.009583993515777555
-0.04881376345573093
-0.06151970456522919
-0.06865379882697634
-0.06135415410163432
-0.07518870281581147
0.05325815792450144
-0.008127689001096778
-0.06434202542208024
0.07505909462313312
-0.04059574175072435
-0.06434202542208024
0.07505909462313312
-0.015418046745419252
-0.03889164577140719
-0.058475286067403064
-0.04220885340472208
-0.04607621043690128
0.07667331158361634
0.01123390277975275
-0.04607621043690128
0.07667331158361634
0.01123390277975275
-0.03165711739021135
-0.05008266470404849
-0.03382743125536315
-0.030382140784525412
-0.03298643789161759
-0.029134839165219546
-0.03881360769687
-0.027867424406716173
-0.029134839165219546
-0.04845553281835486
-0.07132323427419379
-0.029134839165219546
-0.0286278007928967
-0.05865776543719783
-0.029134839165219546
-0.012529220942168566
-0.046763561689546124
-0.029134839165219546
-0.004536728404782408
-0.03739169535278727
-0.029134839165219546
0.0012579251731990107
-0.023567010547217753
0.06495941545077955
0.011436257115292323
-0.01573959766185496
-0.03600594197379316
0.003956716987241934
-0.0018219194345190461
-0.020391253222987373
-0.0010339725677610536
-0.001234595752384067
-0.020391253222987373
0.0027036444049838328
-0.001234595752384067
-0.013138257400899108
0.000845091259006097
-0.001234595752384067
0.0
-0.007698498149639904
-0.005363201742855779
0.0
-0.0356783848639164
-0.04033898207996593
-0.02692524717772926
-0.017159827900490428
-0.03647921720380104
-0.027177751696069882
-0.004274784863928147
-0.007195105362095404
0.0
-0.2360912977955103
-0.06373439701498405
-0.01691498627302672
-0.22894741583793907
-0.052691820450826155
-0.01691498627302672
-0.029653404952940533
-0.04439016443059573
-0.02692524717772926
-0.02035058078971701
-0.04073114994182057
-0.022980290421172646
-0.016355003338285597
-0.0035412823083367326
0.0
-0.2303533442170971
-0.04812690340711925
-0.02628396942080763
-0.23580775753315122
-0.0600341103184541
-0.022980290421172646
-0.22292243592696323
-0.057480254248037425
-0.022980290421172646
-0.025801514387951308
-0.02799080818687294
-0.035325695437863874
-0.00545319623776308
-0.007116263764372593
-0.032799052530136596
-1.0348492550811203e-05
-0.044585621098782516
-0.02628396942080763
-0.009197582930336274
-0.0056882723319994005
0.0
-0.21759858278471705
-0.030844067016768624
-0.032799052530136596
-0.2209103729811973
-0.023973537696659195
-0.032799052530136596
-0.219070545361974
0.010736915834245554
-0.027611911299069196
-0.009146813254888995
-0.01799885882264945
-0.035325695437863874
0.013041332514522531
0.015382895610039284
-0.022857319398135165
0.005586992531879959
-0.025155794684769223
-0.032799052530136596
0.0022752023353997
0.014500288570891301
-0.027611911299069196
-0.21171279005086102
0.008812016238891902
-0.027611911299069196
-0.20241584422891168
0.015382895610039284
-0.022857319398135165
-0.20241584422891168
0.020390740985114064
-0.025305521283839456
0.01096300285831326
0.005665000112306586
-0.014421663002693492
0.02117630627318146
0.03989486452272196
-0.014421663002693492
0.019707121916007958
0.02103463603839892
-0.028791616143608607
0.027874411958379704
0.02103463603839892
-0.028791616143608607
0.019707121916007958
0.03989486452272196
-0.014421663002693492
0.01930407679732674
0.031744025592283266
-0.014421663002693492
0.01930407679732674
0.0
-0.014421663002693492
0.01930407679732674
0.0
-0.014421663002693492
0.009616255038176078
0.0
0.0
0.025305131438127827
0.0
0.0
0.02699070334688187
0.0
0.0
0.02618830797132016
0.0
0.0
-0.1932690309740227
-0.012352838370860209
0.010010260904702549
-0.1932690309740227
-0.01309008981744171
0.003944956756556622
-0.1932690309740227
0.038727724021118494
0.00771378413879468
-0.1932690309740227
0.03838959980776352
0.010020174154024418
0.02766371875449508
0.0
0.0
0.02766371875449508
0.0
0.0
0.008341073939013486
0.026079025479976682
0.0
0.01657205293314409
0.0
0.0
0.010213303414868202
0.0
0.0
0.010213303414868202
0.0
0.0
-0.2189314698950199
-0.03615904378733881
-0.01687887796642748
-0.2189314698950199
-0.027255179811183014
0.010262765423043163
-0.21545717674343423
-0.019302960376633538
0.0
-0.21545717674343423
-0.0168572739322866
0.0
-0.21545717674343423
0.0
0.0
-0.001469184357173497
0.0
0.0
0.0016855719087540421
0.0
0.0
-0.22261832163727183
-0.00352779989695847
-0.02171054352231103
-0.2135849472675795
-0.00352779989695847
0.028765270227588503
-0.2135849472675795
0.0029571822569496218
0.0
-0.2135849472675795
0.00013464641729520112
0.0
-0.2135849472675795
0.0
0.0
-0.21398799238626073
0.0
0.0
-0.21398799238626073
0.0
0.0
-0.21398799238626073
0.0
0.0
0.008167290042371747
0.0
0.0
-0.22215528242863247
0.0
-0.03375519849668485
-0.22215528242863247
0.0
-0.03086115461289303
0.0
0.0
0.007715595300089646
0.0
0.0
0.00820140964894037
0.0
0.0
0.0004858143488507237
0.0
0.0
0.002894043883791824
0.0
0.0
0.009877327684148795
0.0
0.0
-0.0017538211880741986
0.0
0.0
0.0025977296200140644
0.0
0.0
-0.004351550808088263
0.0
0.0
-0.0022692248803647887
0.06094787613456916
-0.009197371957933385
-0.08809566447449871
0.04179735419081567
-0.015005886849727049
-0.10340010400387281
0.04179735419081567
-0.027524456110799844
-0.08446044920672208
0.04906799400716416
-0.025913840157573417
-0.06453361801012897
-0.07045323757543123
-0.05249249629049928
-0.025739854246343376
-0.02414273282576325
-0.020105325265779753
-0.05039220641242175
-0.043725694187255165
-0.07482891001785924
0.030658428723863432
-0.07758143280094906
-0.04338391907425191
-0.025209844147214833
-0.03254639629491699
-0.020105325265779753
-0.02632839302228547
-0.1214855170523382
-0.08009458995401929
-0.016990501752030124
-0.030126933918329123
-0.04648865437595106
0.018624606211966713
-0.02285629410198063
-0.08009458995401929
0.024693217571924646
-0.043725694187255165
-0.08009458995401929
0.011408775486395826
-0.03981703611126548
-0.007325025662503251
-0.01460710302251414
-0.11110381433759926
-0.03971219668722278
-0.0030000251000571803
-0.01247459138724168
-0.03971219668722278
0.015851072717991035
-0.030126933918329123
-0.04338391907425191
0.00928815721966458
-0.059929090269861617
-0.032387171024719524
-0.012999818340827928
-0.013448361741160895
-0.00970607294826415
-0.01831531436605701
-0.06865357169240013
-0.032387171024719524
-0.007198317099861811
-0.11110381433759926
-0.032387171024719524
0.015984154031361802
-0.020112054158596137
-0.032387171024719524
-0.008353985427264309
0.00969010219293636
-0.03605889341174866
0.02389526024217872
-0.011179297892338166
-0.059989264688239535
0.037737168508681286
-0.05520520995123924
-0.032387171024719524
-0.019091425375140362
-0.04180903738034615
-0.032387171024719524
-0.01329257400557687
-0.05520520995123924
-0.032387171024719524
-0.019091425375140362
-0.011486359720193419
-0.0045167820928806186
0.0034905427908539337
-0.05520520995123924
-0.022681098076455374
0.011116997266195196
0.00014244459083066375
-0.0045167820928806186
-0.021317739932069067
0.00014244459083066375
-0.0045167820928806186
-0.021317739932069067
-0.011486359720193419
-0.0045167820928806186
0.0034905427908539337
0.00014244459083066375
-0.0045167820928806186
-0.004294521387650505
0.00014244459083066375
-0.0045167820928806186
-0.007435415639897514
0.0
-0.0018030605284055667
0.0
0.0
-0.0018030605284055667
0.0
0.026727543388176084
-0.02233641372735995
0.0563982829702068
-0.021696983221750017
0.0
-0.004938588578312563
-0.05117472406773764
0.0
0.028983972372189724
0.04745449888261995
-0.003104735301699151
0.04383445035918154
0.07775982286508307
0.0
0.07306936933754676
0.05666357375724225
0.054296834502510195
0.11355200423526259
-0.03021413464598901
0.11958235910368771
0.09924212984609593
-0.03021413464598901
0.11861081289351995
0.09294801244033185
-0.05108353473126353
0.12243327501707471
0.09188301067108696
-0.03021413464598901
0.14633422835874826
0.09085840578627374
-0.04106206401744079
0.09888855188094864
0.015233469233427456
-0.04106206401744079
0.09888855188094864
0.015233469233427456
-0.02251081193420095
0.13484172041296233
-0.002855811246339178
-0.029886787165346755
0.12793770184147585
-0.0004612306667169698
-0.029886787165346755
0.10826041821770749
-0.0039648228522587885
-0.02251081193420095
0.13484172041296233
-0.002855811246339178
-0.029886787165346755
0.12793770184147585
-0.0004612306667169698
-0.029886787165346755
0.10826041821770749
-0.0039648228522587885
-0.008761577802475705
0.10101762273108426
0.00474138098300339
-0.019001675184449278
0.10101762273108426
-0.0005292785061384549
-0.014758331513235454
0.10101762273108426
0.00474138098300339
-0.026539524294373215
0.10101762273108426
-0.0005292785061384549
-0.009117885538148194
0.11758168808125073
0.007725808331207059
-0.009194575533741336
0.11381060642613906
0.0009404075913134211
-0.009117885538148194
0.11758168808125073
0.007725808331207059
-0.009194575533741336
0.11381060642613906
0.0009404075913134211
-0.009117885538148194
0.12322364697968938
0.034661954698082836
-0.009117885538148194
0.12322364697968938
0.018221248266903804
-0.009117885538148194
0.12322364697968938
0.034661954698082836
-0.009117885538148194
0.12322364697968938
0.018221248266903804
-0.009117885538148194
0.13242466536188846
0.047677668554159745
-0.009117885538148194
0.13242466536188846
0.047677668554159745
-0.009117885538148194
0.09106584764607031
0.05053693873833414
-0.009117885538148194
0.13242466536188846
0.05242534620750319
-0.009117885538148194
0.08707194695097367
0.05967166336388339
-0.009117885538148194
0.13242466536188846
0.058599009131755364
0.0
0.09106584764607031
0.05668464822213426
-0.009117885538148194
0.09106584764607031
0.05415025278728205
0.0
0.08707194695097367
0.06488399036728132
-0.009117885538148194
0.08707194695097367
0.06306857320270048
0.0
-0.004360756765154363
0.014445064740086552
0.0
0.0
0.015988992054334544
0.0
0.09150524904977055
0.055046715625872836
0.0
0.09489445960475718
0.06770828100530994
0.09862922295035759
0.0
0.018851097818048217
0.09862922295035759
0.0
0.041683719323954774
0.0
0.14633422835874826
0.042054199612790395
0.0
0.0
0.02517769500530509
0.0
0.04367416440872386
0.04068607445463414
0.0
0.09586600581492491
0.04060165088578629
0.0
0.09489445960475718
0.051719288950975405
0.0
0.0012316141845925444
0.01731841614021363
0.0
0.0012316141845925444
0.0
0.0
0.10266006395002439
0.0029514461813966264
0.0
0.0012316141845925444
0.01731841614021363
0.0
0.10266006395002439
0.02493444794591287
0.0
0.09829930718487002
0.025503223242989283
0.0
0.0
0.0
0.0
0.0
0.0
0.0
0.0
0.008769047899743221
0.0
0.0
0.0
0.0
0.0
0.0
0.0
0.0
0.008769047899743221
0.0
-0.004360756765154363
0.022551777061592657
0.0
0.10142844976543185
0.02493444794591287
-0.005996753710759748
0.0
0.0
-0.00753784910992394
0.0
0.0
0.0
0.0
-0.0031408942522470084
0.0
-0.003993900695096642
0.009134724625549246
0.0
-0.003993900695096642
0.008918320415418428
0.0
-0.003993900695096642
0.008199342145147063
0.0
0.0
0.0061736629242521695
0.0
-0.0056882723319994005
0.0
0.0
0.0
0.0
0.0
0.0
0.0
0.0
0.0
0.0
0.0
0.0
0.0
0.0
0.0
0.0
0.0
0.0
0.0
0.0
0.0
0.0
0.0
0.0
0.0
0.0
0.0
0.0
0.0
0.0
0.0
0.0
0.0
0.0
0.0
0.0
0.0
0.0
0.0
0.0
0.0
0.0
0.0
0.0
0.0
0.0
0.0
0.0
0.0
0.0
0.0
0.0
0.0
0.0
0.0
0.0
0.0
0.0
0.0
0.0
0.0
0.0
0.0
0.0
0.0
0.0
0.0
0.0
0.0
0.0
0.0
0.0
0.0
0.0
0.0
0.0
0.0
0.0
0.0
0.0
0.0
0.0
0.0
0.0
0.0
0.0
0.0
0.0
0.0
0.0
0.0
0.0
0.0
0.0
0.0
0.0
0.0
0.0
0.0
0.0
0.0
0.0
0.0
0.0
0.0
0.0
0.0
0.0
0.0
0.0
0.0
0.0
0.0
0.0
0.0
0.0
0.0
0.0
0.0
0.0
0.0
0.0
0.0
0.0
0.0
0.0
0.0
0.0
0.0
0.0
0.0
0.0
0.0
0.0
0.0
0.0
0.0
0.0
0.0
0.0
0.0
0.0
0.0
0.0
0.0
0.0
0.0
0.0
0.0
0.0
0.0
0.0
0.0
0.0
0.0
0.0
0.0
0.0
0.0
0.0
0.0
0.0
0.0
0.0
0.0
0.0
0.0
0.0
0.0
0.0
0.0
0.0
0.0
0.0
0.0
0.0
0.0
0.0
0.0
0.0
0.0
0.0
0.0
0.0
0.0
0.0
0.0
0.0
0.0
0.0
0.0
0.0
0.0
0.0
0.0
0.0
0.0
0.0
0.0
0.0
0.0
0.0
0.0
0.0
0.0
0.0
0.0
0.0
0.0
0.0
0.0
0.0
0.0
0.0
0.0
0.0
0.0
0.0
0.0
0.0
0.0
0.0
0.0
0.0
0.0
0.0
0.0
0.0
0.0
0.0
0.0
0.0
0.0
0.0
0.0
0.0
0.0
0.0
0.0
0.0
0.0
0.0
0.0
0.0
0.0
0.0
0.0
0.0
0.0
0.0
0.0
0.0
0.0
0.0
0.0
0.0
0.0
0.0
0.0
0.0
0.0
0.0
0.0
0.0
0.0
0.0
0.0
0.0
0.0
0.0
0.0
0.0
0.0
0.0
0.0
0.0
0.0
0.0
0.0
0.0
0.0
0.0
0.0
0.0
0.0
0.0
0.0
0.0
0.0
0.0
0.0
0.0
0.0
0.0
0.0
0.0
0.0
0.0
0.0
0.0
0.0
0.0
0.0
0.0
0.0
0.0
0.0
0.0
0.0
0.0
0.0
0.0
0.0
0.0
0.0
0.0
0.0
0.0
0.0
0.0
0.0
0.0
0.0
0.0
0.0
0.0
0.0
0.0
0.0
0.0
0.0
0.0
0.0
0.0
0.0
0.0
0.0
0.0
0.0
0.0
0.0
0.0
0.0
0.0
0.0
0.0
0.0
0.0
0.0
0.0
0.0
0.0
0.0
0.0
0.0
0.0
0.0
0.0
0.0
0.0
0.0
0.0
0.0
0.0
0.0
0.0
0.0
0.0
0.0
0.0
0.0
0.0
0.0
0.0
0.0
0.0
0.0
0.0
0.0
0.0
0.0
0.0
0.0
0.0
0.0
0.0
0.0
0.0
0.0
0.0
0.0
0.0
0.0
0.0
0.0
0.0
0.0
0.0
0.0
0.0
0.0
0.0
0.0
0.0
0.0
0.0
0.0
0.0
0.0
0.0
0.0
0.0
0.0
0.0
0.0
0.0
0.0
0.0
0.0
0.0
0.0
0.0
0.0
0.0
0.0
0.0
0.0
0.0
0.0
0.0
0.0
0.0
0.0
0.0
0.0
0.0
0.0
0.0
0.0
0.0
0.0
0.0
0.0
0.0
0.0
0.0
0.0
0.0
0.0
0.0
0.0
0.0
0.0
0.0
0.0
0.0
0.0
0.0
0.0
0.0
0.0
0.0
0.0
0.0
0.0
0.0
0.0
0.0
0.0
0.0
0.0
0.0
0.0
0.0
0.0
0.0
0.0
0.0
0.0
0.0
0.0
0.0
0.0
0.0
0.0
0.0
0.0
0.0
0.0
0.0
0.0
0.0
0.0
0.0
0.0
0.0
0.0
0.0
0.0
0.0
0.0
0.0
0.0
0.0
0.0
0.0
0.0
0.0
0.0
0.0
0.0
0.0
0.0
0.0
0.0
0.0
0.0
0.0
0.0
0.0
0.0
0.0
0.0
0.0
0.0
0.0
0.0
0.0
0.0
0.0
0.0
0.0
0.0
0.0
0.0
0.0
0.0
0.0
0.0
0.0
0.0
0.0
0.0
0.0
0.0
0.0
0.0
0.0
0.0
0.0
0.0
0.0
0.0
0.0
0.0
0.0
0.0
0.0
0.0
0.0
0.0
0.0
0.0
0.0
0.0
0.0
0.0
0.0
0.0
0.0
0.0
0.0
0.0
0.0
0.0
0.0
0.0
0.0
0.0
0.0
0.0
0.0
0.0
0.0
0.0
0.0
0.0
0.0
0.0
0.0
0.0
0.0
0.0
0.0
0.0
0.0
0.0
0.0
0.0
0.0
0.0
0.0
0.0
0.0
0.0
0.0
0.0
0.0
0.0
0.0
0.0
0.0
0.0
0.0
0.0
0.0
0.0
0.0
0.0
0.0
0.0
0.0
0.0
0.0
0.0
0.0
0.0
0.0
0.0
0.0
0.0
0.0
0.0
0.0
0.0
0.0
0.0
0.0
0.0
0.0
0.0
0.0
0.0
0.0
0.0
0.0
0.0
0.0
0.0
0.0
0.0
0.0
0.0
0.0
0.0
0.0
0.0
0.0
0.0
0.0
0.0
0.0
0.0
0.0
0.0
0.0
0.0
0.0
0.0
0.0
0.0
0.0
0.0
0.0
0.0
0.0
0.0
0.0
0.0
0.0
0.0
0.0
0.0
0.0
0.0
0.0
0.0
0.0
0.0
0.0
0.0
0.0
0.0
0.0
0.0
0.0
0.0
0.0
0.0
0.0
0.0
0.0
0.0
0.0
0.0
0.0
0.0
0.0
0.0
0.0
0.0
0.0
0.0
0.0
0.0
0.0
0.0
0.0
0.0
0.0
0.0
0.0
0.0
0.0
0.0
0.0
0.0
0.0
0.0
0.0
0.0
0.0
0.0
0.0
0.0
0.0
0.0
0.0
0.0
0.0
0.0
0.0
0.0
0.0
0.0
0.0
0.0
0.0
0.0
0.0
0.0
0.0
0.0
0.0
0.0
0.0
0.0
0.0
0.0
0.0
0.0
0.0
0.0
0.0
0.0
0.0
0.0
0.0
0.0
0.0
0.0
0.0
0.0
0.0
0.0
0.0
0.0
0.0
0.0
0.0
0.0
0.0
0.0
0.0
0.0
0.0
0.0
0.0
0.0
0.0
0.0
0.0
0.0
0.0
0.0
0.0
0.0
0.0
0.0
0.0
0.0
0.0
0.0
0.0
0.0
0.0
0.0
0.0
0.0
0.0
0.0
0.0
0.0
0.0
0.0
0.0
0.0
0.0
0.0
0.0
0.0
0.0
0.0
0.0
0.0
0.0
0.0
0.0
0.0
0.0
0.0
0.0
0.0
0.0
0.0
0.0
0.0
0.0
0.0
0.0
0.0
0.0
0.0
0.0
0.0
0.0
0.0
0.0
0.0
0.0
0.0
0.0
0.0
0.0
0.0
0.0
0.0
0.0
0.0
0.0
0.0
0.0
0.0
0.0
0.0
0.0
0.0
0.0
0.0
0.0
0.0
0.0
0.0
0.0
0.0
0.0
0.0
0.0
0.0
0.0
0.0
0.0
0.0
0.0
0.0
0.0
0.0
0.0
0.0
0.0
0.0
0.0
0.0
0.0
0.0
0.0
0.0
0.0
0.0
0.0
0.0
0.0
0.0
0.0
0.0
0.0
0.0
0.0
0.0
0.0
0.0
0.0
0.0
0.0
0.0
0.0
0.0
0.0
0.0
0.0
0.0
0.0
0.0
0.0
0.0
0.0
0.0
0.0
0.0
0.0
0.0
0.0
0.0
0.0
0.0
0.0
0.0
0.0
0.0
0.0
0.0
0.0
0.0
0.0
0.0
0.0
0.0
0.0
0.0
0.0
0.0
0.0
0.0
0.0
0.0
0.0
0.0
0.0
0.0
0.0
0.0
0.0
0.0
0.0
0.0
0.0
0.0
0.0
0.0
0.0
0.0
0.0
0.0
0.0
0.0
0.0
0.0
0.0
0.0
0.0
0.0
0.0
0.0
0.0
0.0
0.0
0.0
0.0
0.0
0.0
0.0
0.0
0.0
0.0
0.0
0.0
0.0
0.0
0.0
0.0
0.0
0.0
0.0
0.0
0.0
0.0
0.0
0.0
0.0
0.0
0.0
0.0
0.0
0.0
0.0
0.0
0.0
0.0
0.0
0.0
0.0
0.0
0.0
0.0
0.0
0.0
0.0
0.0
0.0
0.0
0.0
0.0
0.0
0.0
0.0
0.0
0.0
0.0
0.0
0.0
0.0
0.0
0.0
0.0
0.0
0.0
0.0
0.0
0.0
0.0
0.0
0.0
0.0
0.0
0.0
0.0
0.0
0.0
0.0
0.0
0.0
0.0
0.0
0.0
0.0
0.0
0.0
0.0
0.0
0.0
0.0
0.0
0.0
0.0
0.0
0.0
0.0
0.0
0.0
0.0
0.0
0.0
0.0
0.0
0.0
0.0
0.0
0.0
0.0
0.0
0.0
0.0
0.0
0.0
0.0
0.0
0.0
0.0
0.0
0.0
0.0
0.0
0.0
0.0
0.0
0.0
0.0
0.0
0.0
0.0
0.0
0.0
0.0
0.0
0.0
0.0
0.0
0.0
0.0
0.0
0.0
0.0
0.0
0.0
0.0
0.0
0.0
0.0
0.0
0.0
0.0
0.0
0.0
0.0
0.0
0.0
0.0
0.0
0.0
0.0
0.0
0.0
0.0
0.0
0.0
0.0
0.0
0.0
0.0
0.0
0.0
0.0
0.0
0.0
0.0
0.0
0.0
0.0
0.0
0.0
0.0
0.0
0.0
0.0
0.0
0.0
0.0
0.0
0.0
0.0
0.0
0.0
0.0
0.0
0.0
0.0
0.0
0.0
0.0
0.0
0.0
0.0
0.0
0.0
0.0
0.0
0.0
0.0
0.0
0.0
0.0
0.0
0.0
0.0
0.0
0.0
0.0
0.0
0.0
0.0
0.0
0.0
0.0
0.0
0.0
0.0
0.0
0.0
0.0
0.0
0.0
0.0
0.0
0.0
0.0
0.0
0.0
0.0
0.0
0.0
0.0
0.0
0.0
0.0
0.0
0.0
0.0
0.0
0.0
0.0
0.0
0.0
0.0
0.0
0.0
0.0
0.0
0.0
0.0
0.0
0.0
0.0
0.0
0.0
0.0
0.0
0.0
0.0
0.0
0.0
0.0
0.0
0.0
0.0
0.0
0.0
0.0
0.0
0.0
0.0
0.0
0.0
0.0
0.0
0.0
0.0
0.0
0.0
0.0
0.0
0.0
0.0
0.0
0.0
0.0
0.0
0.0
0.0
0.0
0.0
0.0
0.0
0.0
0.0
0.0
0.0
0.0
0.0
0.0
0.0
0.0
0.0
0.0
0.0
0.0
0.0
0.0
0.0
0.0
0.0
0.0
0.0
0.0
0.0
0.0
0.0
0.0
0.0
0.0
0.0
0.0
0.0
0.0
0.0
0.0
0.0
0.0
0.0
0.0
0.0
0.0
0.0
0.0
0.0
0.0
0.0
0.0
0.0
0.0
0.0
0.0
0.0
0.0
0.0
0.0
0.0
0.0
0.0
0.0
0.0
0.0
0.0
0.0
0.0
0.0
0.0
0.0
0.0
0.0
0.0
0.0
0.0
0.0
0.0
0.0
0.0
0.0
0.0
0.0
0.0
0.0
0.0
0.0
0.0
0.0
0.0
0.0
0.0
0.0
0.0
0.0
0.0
0.0
0.0
0.0
0.0
0.0
0.0
0.0
0.0
0.0
0.0
0.0
0.0
0.0
0.0
0.0
0.0
0.0
0.0
0.0
0.0
0.0
0.0
0.0
0.0
0.0
0.0
0.0
0.0
0.0
0.0
0.0
0.0
0.0
0.0
0.0
0.0
0.0
0.0
0.0
0.0
0.0
0.0
0.0
0.0
0.0
0.0
0.0
0.0
0.0
0.0
0.0
0.0
0.0
0.0
0.0
0.0
0.0
0.0
0.0
0.0
0.0
0.0
0.0
0.0
0.0
0.0
0.0
0.0
0.0
0.0
0.0
0.0
0.0
0.0
0.0
0.0
0.0
0.0
0.0
0.0
0.0
0.0
0.0
0.0
0.0
0.0
0.0
0.0
0.0
0.0
0.0
0.0
0.0
0.0
0.0
0.0
0.0
0.0
0.0
0.0
0.0
0.0
0.0
0.0
0.0
0.0
0.0
0.0
0.0
0.0
0.0
0.0
0.0
0.0
0.0
0.0
0.0
0.0
0.0
0.0
0.0
0.0
0.0
0.0
0.0
0.0
0.0
0.0
0.0
0.0
0.0
0.0
0.0
0.0
0.0
0.0
0.0
0.0
0.0
0.0
0.0
0.0
0.0
0.0
0.0
0.0
0.0
0.0
0.0
0.0
0.0
0.0
0.0
0.0
0.0
0.0
0.0
0.0
0.0
0.0
0.0
0.0
0.0
0.0
0.0
0.0
0.0
0.0
0.0
0.0
0.0
0.0
0.0
0.0
0.0
0.0
0.0
0.0
0.0
0.0
0.0
0.0
0.0
0.0
0.0
0.0
0.0
0.0
0.0
0.0
0.0
0.0
0.0
0.0
0.0
0.0
0.0
0.0
0.0
0.0
0.0
0.0
0.0
0.0
0.0
0.0
0.0
0.0
0.0
0.0
0.0
0.0
0.0
0.0
0.0
0.0
0.0
0.0
0.0
0.0
0.0
0.0
0.0
0.0
0.0
0.0
0.0
0.0
0.0
0.0
0.0
0.0
0.0
0.0
0.0
0.0
0.0
0.0
0.0
0.0
0.0
0.0
0.0
0.0
0.0
0.0
0.0
0.0
0.0
0.0
0.0
0.0
0.0
0.0
0.0
0.0
0.0
0.0
0.0
0.0
0.0
0.0
0.0
0.0
0.0
0.0
0.0
0.0
0.0
0.0
0.0
0.0
0.0
0.0
0.0
0.0
0.0
0.0
0.0
0.0
0.0
0.0
0.0
0.0
0.0
0.0
0.0
0.0
0.0
0.0
0.0
0.0
0.0
0.0
0.0
0.0
0.0
0.0
0.0
0.0
0.0
0.0
0.0
0.0
0.0
0.0
0.0
0.0
0.0
0.0
0.0
0.0
0.0
0.0
0.0
0.0
0.0
0.0
0.0
0.0
0.0
0.0
0.0
0.0
0.0
0.0
0.0
0.0
0.0
0.0
0.0
0.0
0.0
0.0
0.0
0.0
0.0
0.0
0.0
0.0
0.0
0.0
0.0
0.0
0.0
0.0
0.0
0.0
0.0
0.0
0.0
0.0
0.0
0.0
0.0
0.0
0.0
0.0
0.0
0.0
0.0
0.0
0.0
0.0
0.0
0.0
0.0
0.0
0.0
0.0
0.0
0.0
0.0
0.0
0.0
0.0
0.0
0.0
0.0
0.0
0.0
0.0
0.0
0.0
0.0
0.0
0.0
0.0
0.0
0.0
0.0
0.0
0.0
0.0
0.0
0.0
0.0
0.0
0.0
0.0
0.0
0.0
0.0
0.0
0.0
0.0
0.0
0.0
0.0
0.0
0.0
0.0
0.0
0.0
0.0
0.0
0.0
0.0
0.0
0.0
0.0
0.0
0.0
0.0
0.0
0.0
0.0
0.0
0.0
0.0
0.0
0.0
0.0
0.0
0.0
0.0
0.0
0.0
0.0
0.0
0.0
0.0
0.0
0.0
0.0
0.0
0.0
0.0
0.0
0.0
0.0
0.0
0.0
0.0
0.0
0.0
0.0
0.0
0.0
0.0
0.0
0.0
0.0
0.0
0.0
0.0
0.0
0.0
0.0
0.0
0.0
0.0
0.0
0.0
0.0
0.0
0.0
0.0
0.0
0.0
0.0
0.0
0.0
0.0
0.0
0.0
0.0
0.0
0.0
0.0
0.0
0.0
0.0
0.0
0.0
0.0
0.0
0.0
0.0
0.0
0.0
0.0
0.0
0.0
0.0
0.0
0.0
0.0
0.0
0.0
0.0
0.0
0.0
0.0
0.0
0.0
0.0
0.0
0.0
0.0
0.0
0.0
0.0
0.0
0.0
0.0
0.0
0.0
0.0
0.0
0.0
0.0
0.0
0.0
0.0
0.0
0.0
0.0
0.0
0.0
0.0
0.0
0.0
0.0
0.0
0.0
0.0
0.0
0.0
0.0
0.0
0.0
0.0
0.0
0.0
0.0
0.0
0.0
0.0
0.0
0.0
0.0
0.0
0.0
0.0
0.0
0.0
0.0
0.0
0.0
0.0
0.0
0.0
0.0
0.0
0.0
0.0
0.0
0.0
0.0
0.0
0.0
0.0
0.0
0.0
0.0
0.0
0.0
0.0
0.0
0.0
0.0
0.0
0.0
0.0
0.0
0.0
0.0
0.0
0.0
0.0
0.0
0.0
0.0
0.0
0.0
0.0
0.0
0.0
0.0
0.0
0.0
0.0
0.0
0.0
0.0
0.0
0.0
0.0
0.0
0.0
0.0
0.0
0.0
0.0
0.0
0.0
0.0
0.0
0.0
0.0
0.0
0.0
0.0
0.0
0.0
0.0
0.0
0.0
0.0
0.0
0.0
0.0
0.0
0.0
0.0
0.0
0.0
0.0
0.0
0.0
0.0
0.0
0.0
0.0
0.0
0.0
0.0
0.0
0.0
0.0
0.0
0.0
0.0
0.0
0.0
0.0
0.0
0.0
0.0
0.0
0.0
0.0
0.0
0.0
0.0
0.0
0.0
0.0
0.0
0.0
0.0
0.0
0.0
0.0
0.0
0.0
0.0
0.0
0.0
0.0
0.0
0.0
0.0
0.0
0.0
0.0
0.0
0.0
0.0
0.0
0.0
0.0
0.0
0.0
0.0
0.0
0.0
0.0
0.0
0.0
0.0
0.0
0.0
0.0
0.0
0.0
0.0
0.0
0.0
0.0
0.0
0.0
0.0
0.0
0.0
0.0
0.0
0.0
0.0
0.0
0.0
0.0
0.0
0.0
0.0
0.0
0.0
0.0
0.0
0.0
0.0
0.0
0.0
0.0
0.0
0.0
0.0
0.0
0.0
0.0
0.0
0.0
0.0
0.0
0.0
0.0
0.0
0.0
0.0
0.0
0.0
0.0
0.0
0.0
0.0
0.0
0.0
0.0
0.0
0.0
0.0
0.0
0.0
0.0
0.0
0.0
0.0
0.0
0.0
0.0
0.0
0.0
0.0
0.0
0.0
0.0
0.0
0.0
0.0
0.0
0.0
0.0
0.0
0.0
0.0
0.0
0.0
0.0
0.0
0.0
0.0
0.0
0.0
0.0
0.0
0.0
0.0
0.0
0.0
0.0
0.0
0.0
0.0
0.0
0.0
0.0
0.0
0.0
0.0
0.0
0.0
0.0
0.0
0.0
0.0
0.0
0.0
0.0
0.0
0.0
0.0
0.0
0.0
0.0
0.0
0.0
0.0
0.0
0.0
0.0
0.0
0.0
0.0
0.0
0.0
0.0
0.0
0.0
0.0
0.0
0.0
0.0
0.0
0.0
0.0
0.0
0.0
0.0
0.0
0.0
0.0
0.0
0.0
0.0
0.0
0.0
0.0
0.0
0.0
0.0
0.0
0.0
0.0
0.0
0.0
0.0
0.0
0.0
0.0
0.0
0.0
0.0
0.0
0.0
0.0
0.0
0.0
0.0
0.0
0.0
0.0
0.0
0.0
0.0
0.0
0.0
0.0
0.0
0.0
0.0
0.0
0.0
0.0
0.0
0.0
0.0
0.0
0.0
0.0
0.0
0.0
0.0
0.0
0.0
0.0
0.0
0.0
0.0
0.0
0.0
0.0
0.0
0.0
0.0
0.0
0.0
0.0
0.0
0.0
0.0
0.0
0.0
0.0
0.0
0.0
0.0
0.0
0.0
0.0
0.0
0.0
0.0
0.0
0.0
0.0
0.0
0.0
0.0
0.0
0.0
0.0
0.0
0.0
0.0
0.0
0.0
0.0
0.0
0.0
0.0
0.0
0.0
0.0
0.0
0.0
0.0
0.0
0.0
0.0
0.0
0.0
0.0
0.0
0.0
0.0
0.0
0.0
0.0
0.0
0.0
0.0
0.0
0.0
0.0
0.0
0.0
0.0
0.0
0.0
0.0
0.0
0.0
0.0
0.0
0.0
0.0
0.0
0.0
0.0
0.0
0.0
0.0
0.0
0.0
0.0
0.0
0.0
0.0
0.0
0.0
0.0
0.0
0.0
0.0
0.0
0.0
0.0
0.0
0.0
0.0
0.0
0.0
0.0
0.0
0.0
0.0
0.0
0.0
0.0
0.0
0.0
0.0
0.0
0.0
0.0
0.0
0.0
0.0
0.0
0.0
0.0
0.0
0.0
0.0
0.0
0.0
0.0
0.0
0.0
0.0
0.0
0.0
0.0
0.0
0.0
0.0
0.0
0.0
0.0
0.0
0.0
0.0
0.0
0.0
0.0
0.0
0.0
0.0
0.0
0.0
0.0
0.0
0.0
0.0
0.0
0.0
0.0
0.0
0.0
0.0
0.0
0.0
0.0
0.0
0.0
0.0
0.0
0.0
0.0
0.0
0.0
0.0
0.0
0.0
0.0
0.0
0.0
0.0
0.0
0.0
0.0
0.0
0.0
0.0
0.0
0.0
0.0
0.0
0.0
0.0
0.0
0.0
0.0
0.0
0.0
0.0
0.0
0.0
0.0
0.0
0.0
0.0
0.0
0.0
0.0
0.0
0.0
0.0
0.0
0.0
0.0
0.0
0.0
0.0
0.0
0.0
0.0
0.0
0.0
0.0
0.0
0.0
0.0
0.0
0.0
0.0
0.0
0.0
0.0
0.0
0.0
0.0
0.0
0.0
0.0
0.0
0.0
0.0
0.0
0.0
0.0
0.0
0.0
0.0
0.0
0.0
0.0
0.0
0.0
0.0
0.0
0.0
0.0
0.0
0.0
0.0
0.0
0.0
0.0
0.0
0.0
0.0
0.0
0.0
0.0
0.0
0.0
0.0
0.0
0.0
0.0
0.0
0.0
0.0
0.0
0.0
0.0
0.0
0.0
0.0
0.0
0.0
0.0
0.0
0.0
0.0
0.0
0.0
0.0
0.0
0.0
0.0
0.0
0.0
0.0
0.0
0.0
0.0
0.0
0.0
0.0
0.0
0.0
0.0
0.0
0.0
0.0
0.0
0.0
0.0
0.0
0.0
0.0
0.0
0.0
0.0
0.0
0.0
0.0
0.0
0.0
0.0
0.0
0.0
0.0
0.0
0.0
0.0
0.0
0.0
0.0
0.0
0.0
0.0
0.0
0.0
0.0
0.0
0.0
0.0
0.0
0.0
0.0
0.0
0.0
0.0
0.0
0.0
0.0
0.0
0.0
0.0
0.0
0.0
0.0
0.0
0.0
0.0
0.0
0.0
0.0
0.0
0.0
0.0
0.0
0.0
0.0
0.0
0.0
0.0
0.0
0.0
0.0
0.0
0.0
0.0
0.0
0.0
0.0
0.0
0.0
0.0
0.0
0.0
0.0
0.0
0.0
0.0
0.0
0.0
0.0
0.0
0.0
0.0
0.0
0.0
0.0
0.0
0.0
0.0
0.0
0.0
0.0
0.0
0.0
0.0
0.0
0.0
0.0
0.0
0.0
0.0
0.0
0.0
0.0
0.0
0.0
0.0
0.0
0.0
0.0
0.0
0.0
0.0
0.0
0.0
0.0
0.0
0.0
0.0
0.0
0.0
0.0
0.0
0.0
0.0
0.0
0.0
0.0
0.0
0.0
0.0
0.0
0.0
0.0
0.0
0.0
0.0
0.0
0.0
0.0
0.0
0.0
0.0
0.0
0.0
0.0
0.0
0.0
0.0
0.0
0.0
0.0
0.0
0.0
0.0
0.0
0.0
0.0
0.0
0.0
0.0
0.0
0.0
0.0
0.0
0.0
0.0
0.0
0.0
0.0
0.0
0.0
0.0
0.0
0.0
0.0
0.0
0.0
0.0
0.0
0.0
0.0
0.0
0.0
0.0
0.0
0.0
0.0
0.0
0.0
0.0
0.0
0.0
0.0
0.0
0.0
0.0
0.0
0.0
0.0
0.0
0.0
0.0
0.0
0.0
0.0
0.0
0.0
0.0
0.0
0.0
0.0
0.0
0.0
0.0
0.0
0.0
0.0
0.0
0.0
0.0
0.0
0.0
0.0
0.0
0.0
0.0
0.0
0.0
0.0
0.0
0.0
0.0
0.0
0.0
0.0
0.0
0.0
0.0
0.0
0.0
0.0
0.0
0.0
0.0
0.0
0.0
0.0
0.0
0.0
0.0
0.0
0.0
0.0
0.0
0.0
0.0
0.0
0.0
0.0
0.0
0.0
0.0
0.0
0.0
0.0
0.0
0.0
0.0
0.0
0.0
0.0
0.0
0.0
0.0
0.0
0.0
0.0
0.0
0.0
0.0
0.0
0.0
0.0
0.0
0.0
0.0
0.0
0.0
0.0
0.0
0.0
0.0
0.0
0.0
0.0
0.0
0.0
0.0
0.0
0.0
0.0
0.0
0.0
0.0
0.0
0.0
0.0
0.0
0.0
0.0
0.0
0.0
0.0
0.0
0.0
0.0
0.0
0.0
0.0
0.0
0.0
0.0
0.0
0.0
0.0
0.0
0.0
0.0
0.0
0.0
0.0
0.0
0.0
0.0
0.0
0.0
0.0
0.0
0.0
0.0
0.0
0.0
0.0
0.0
0.0
0.0
0.0
0.0
0.0
0.0
0.0
0.0
0.0
0.0
0.0
0.0
0.0
0.0
0.0
0.0
0.0
0.0
0.0
0.0
0.0
0.0
0.0
0.0
0.0
0.0
0.0
0.0
0.0
0.0
0.0
0.0
0.0
0.0
0.0
0.0
0.0
0.0
0.0
0.0
0.0
0.0
0.0
0.0
0.0
0.0
0.0
0.0
0.0
0.0
0.0
0.0
0.0
0.0
0.0
0.0
0.0
0.0
0.0
0.0
0.0
0.0
0.0
0.0
0.0
0.0
0.0
0.0
0.0
0.0
0.0
0.0
0.0
0.0
0.0
0.0
0.0
0.0
0.0
0.0
0.0
0.0
0.0
0.0
0.0
0.0
0.0
0.0
0.0
0.0
0.0
0.0
0.0
0.0
0.0
0.0
0.0
0.0
0.0
0.0
0.0
0.0
0.0
0.0
0.0
0.0
0.0
0.0
0.0
0.0
0.0
0.0
0.0
0.0
0.0
0.0
0.0
0.0
0.0
0.0
0.0
0.0
0.0
0.0
0.0
0.0
0.0
0.0
0.0
0.0
0.0
0.0
0.0
0.0
0.0
0.0
0.0
0.0
0.0
0.0
0.0
0.0
0.0
0.0
0.0
0.0
0.0
0.0
0.0
0.0
0.0
0.0
0.0
0.0
0.0
0.0
0.0
0.0
0.0
0.0
0.0
0.0
0.0
0.0
0.0
0.0
0.0
0.0
0.0
0.0
0.0
0.0
0.0
0.0
0.0
0.0
0.0
0.0
0.0
0.0
0.0
0.0
0.0
0.0
0.0
0.0
0.0
0.0
0.0
0.0
0.0
0.0
0.0
0.0
0.0
0.0
0.0
0.0
0.0
0.0
0.0
0.0
0.0
0.0
0.0
0.0
0.0
0.0
0.0
0.0
0.0
0.0
0.0
0.0
0.0
0.0
0.0
0.0
0.0
0.0
0.0
0.0
0.0
0.0
0.0
0.0
0.0
0.0
0.0
0.0
0.0
0.0
0.0
0.0
0.0
0.0
0.0
0.0
0.0
0.0
0.0
0.0
0.0
0.0
0.0
0.0
0.0
0.0
0.0
0.0
0.0
0.0
0.0
0.0
0.0
0.0
0.0
0.0
0.0
0.0
0.0
0.0
0.0
0.0
0.0
0.0
0.0
0.0
0.0
0.0
0.0
0.0
0.0
0.0
0.0
0.0
0.0
0.0
0.0
0.0
0.0
0.0
0.0
0.0
0.0
0.0
0.0
0.0
0.0
0.0
0.0
0.0
0.0
0.0
0.0
0.0
0.0
0.0
0.0
0.0
0.0
0.0
0.0
0.0
0.0
0.0
0.0
0.0
0.0
0.0
0.0
0.0
0.0
0.0
0.0
0.0
0.0
0.0
0.0
0.0
0.0
0.0
0.0
0.0
0.0
0.0
0.0
0.0
0.0
0.0
0.0
0.0
0.0
0.0
0.0
0.0
0.0
0.0
0.0
0.0
0.0
0.0
0.0
0.0
0.0
0.0
0.0
0.0
0.0
0.0
0.0
0.0
0.0
0.0
0.0
0.0
0.0
0.0
0.0
0.0
0.0
0.0
0.0
0.0
0.0
0.0
0.0
0.0
0.0
0.0
0.0
0.0
0.0
0.0
0.0
0.0
0.0
0.0
0.0
0.0
0.0
0.0
0.0
0.0
0.0
0.0
0.0
0.0
0.0
0.0
0.0
0.0
0.0
0.0
0.0
0.0
0.0
0.0
0.0
0.0
0.0
0.0
0.0
0.0
0.0
0.0
0.0
0.0
0.0
0.0
0.0
0.0
0.0
0.0
0.0
0.0
0.0
0.0
0.0
0.0
0.0
0.0
0.0
0.0
0.0
0.0
0.0
0.0
0.0
0.0
0.0
0.0
0.0
0.0
0.0
0.0
0.0
0.0
0.0
0.0
0.0
0.0
0.0
0.0
0.0
0.0
0.0
0.0
0.0
0.0
0.0
0.0
0.0
0.0
0.0
0.0
0.0
0.0
0.0
0.0
0.0
0.0
0.0
0.0
0.0
0.0
0.0
0.0
0.0
0.0
0.0
0.0
0.0
0.0
0.0
0.0
0.0
0.0
0.0
0.0
0.0
0.0
0.0
0.0
0.0
0.0
0.0
0.0
0.0
0.0
0.0
0.0
0.0
0.0
0.0
0.0
0.0
0.0
0.0
0.0
0.0
0.0
0.0
0.0
0.0
0.0
0.0
0.0
0.0
0.0
0.0
0.0
0.0
0.0
0.0
0.0
0.0
0.0
0.0
0.0
0.0
0.0
0.0
0.0
0.0
0.0
0.0
0.0
0.0
0.0
0.0
0.0
0.0
0.0
0.0
0.0
0.0
0.0
0.0
0.0
0.0
0.0
0.0
0.0
0.0
0.0
0.0
0.0
0.0
0.0
0.0
0.0
0.0
0.0
0.0
0.0
0.0
0.0
0.0
0.0
0.0
0.0
0.0
0.0
0.0
0.0
0.0
0.0
0.0
0.0
0.0
0.0
0.0
0.0
0.0
0.0
0.0
0.0
0.0
0.0
0.0
0.0
0.0
0.0
0.0
0.0
0.0
0.0
0.0
0.0
0.0
0.0
0.0
0.0
0.0
0.0
0.0
0.0
0.0
0.0
0.0
0.0
0.0
0.0
0.0
0.0
0.0
0.0
0.0
0.0
0.0
0.0
0.0
0.0
0.0
0.0
0.0
0.0
0.0
0.0
0.0
0.0
0.0
0.0
0.0
0.0
0.0
0.0
0.0
0.0
0.0
0.0
0.0
0.0
0.0
0.0
0.0
0.0
0.0
0.0
0.0
0.0
0.0
0.0
0.0
0.0
0.0
0.0
0.0
0.0
0.0
0.0
0.0
0.0
0.0
0.0
0.0
0.0
0.0
0.0
0.0
0.0
0.0
0.0
0.0
0.0
0.0
0.0
0.0
0.0
0.0
0.0
0.0
0.0
0.0
0.0
0.0
0.0
0.0
0.0
0.0
0.0
0.0
0.0
0.0
0.0
0.0
0.0
0.0
0.0
0.0
0.0
0.0
0.0
0.0
0.0
0.0
0.0
0.0
0.0
0.0
0.0
0.0
0.0
0.0
0.0
0.0
0.0
0.0
0.0
0.0
0.0
0.0
0.0
0.0
0.0
0.0
0.0
0.0
0.0
0.0
0.0
0.0
0.0
0.0
0.0
0.0
0.0
0.0
0.0
0.0
0.0
0.0
0.0
0.0
0.0
0.0
0.0
0.0
0.0
0.0
0.0
0.0
0.0
0.0
0.0
0.0
0.0
0.0
0.0
0.0
0.0
0.0
0.0
0.0
0.0
0.0
0.0
0.0
0.0
0.0
0.0
0.0
0.0
0.0
0.0
0.0
0.0
0.0
0.0
0.0
0.0
0.0
0.0
0.0
0.0
0.0
0.0
0.0
0.0
0.0